0 info it worked if it ends with ok
1 verbose cli [ 'C:\\Program Files\\nodejs\\node.exe',
1 verbose cli   'C:\\Program Files\\nodejs\\node_modules\\npm\\bin\\npm-cli.js',
1 verbose cli   'publish' ]
2 info using npm@2.14.7
3 info using node@v4.2.2
4 verbose publish [ '.' ]
5 silly cache add args [ '.', null ]
6 verbose cache add spec .
7 silly cache add parsed spec Result {
7 silly cache add   raw: '.',
7 silly cache add   scope: null,
7 silly cache add   name: null,
7 silly cache add   rawSpec: '.',
7 silly cache add   spec: 'C:\\Dev\\gulp-faker',
7 silly cache add   type: 'directory' }
8 verbose addLocalDirectory C:\Users\l.rajendran\AppData\Roaming\npm-cache\gulp-faker\1.0.0\package.tgz not in flight; packing
9 verbose tar pack [ 'C:\\Users\\l.rajendran\\AppData\\Roaming\\npm-cache\\gulp-faker\\1.0.0\\package.tgz',
9 verbose tar pack   'C:\\Dev\\gulp-faker' ]
10 verbose tarball C:\Users\l.rajendran\AppData\Roaming\npm-cache\gulp-faker\1.0.0\package.tgz
11 verbose folder C:\Dev\gulp-faker
12 info prepublish gulp-faker@1.0.0
13 verbose addLocalTarball adding from inside cache C:\Users\l.rajendran\AppData\Roaming\npm-cache\gulp-faker\1.0.0\package.tgz
14 silly cache afterAdd gulp-faker@1.0.0
15 verbose afterAdd C:\Users\l.rajendran\AppData\Roaming\npm-cache\gulp-faker\1.0.0\package\package.json not in flight; writing
16 verbose afterAdd C:\Users\l.rajendran\AppData\Roaming\npm-cache\gulp-faker\1.0.0\package\package.json written
17 silly publish { name: 'gulp-faker',
17 silly publish   version: '1.0.0',
17 silly publish   description: 'Fake random data injection',
17 silly publish   main: 'index.js',
17 silly publish   scripts: { test: 'mocha' },
17 silly publish   repository:
17 silly publish    { type: 'git',
17 silly publish      url: 'git+https://github.com/lokesh-coder/gulp-faker.git' },
17 silly publish   keywords: [ 'gulpplugin', 'faker', 'replace', 'random', 'data', 'fake' ],
17 silly publish   author: { name: 'lokesh-coder' },
17 silly publish   license: 'MIT',
17 silly publish   bugs: { url: 'https://github.com/lokesh-coder/gulp-faker/issues' },
17 silly publish   homepage: 'https://github.com/lokesh-coder/gulp-faker#readme',
17 silly publish   dependencies: { faker: '^3.0.1', 'gulp-util': '^3.0.1', through2: '^0.6.3' },
17 silly publish   devDependencies: { assert: '^1.3.0', mocha: '*', vinyl: '^1.1.1' },
17 silly publish   readme: '# gulp-faker [![Build Status](https://travis-ci.org/lokesh-coder/gulp-faker.svg?branch=master)](https://travis-ci.org/lokesh-coder/gulp-faker)\n\n> Fake random data injection\n\n\n## Install\n\n```\n$ npm install --save gulp-faker\n```\n\n\n## Usage\n\n```js\nvar gulp = require(\'gulp\');\nvar faker = require(\'gulp-faker\');\n\ngulp.task(\'default\', function () {\n    return gulp.src(\'src/hello.html\')\n        .pipe(faker())\n        .pipe(gulp.dest(\'dist\'));\n});\n```\n\n\n## In html\n\n```html\n\n<h1>Hello <faker-name-firstName/>!</h1>\n<p>\n    <faker-lorem-sentences/>\n</p>\n<h3>Details</h3>\n<p>\n    Title: <faker-name-jobTitle/> <br>\n    Company: <faker-company-companyName/> <br>\n    Phone: <faker-phone-phoneNumber/> <br>\n    Portfolio: <faker-internet-url/> <br>\n    Avatar: <faker-image-avatar/> <br>\n    DOB: <faker-date-past/> <br>\n    Address: <faker-address-streetAddress/> <br>\n    Manager: <faker-name-firstName/>\n</p>\n\n``` \n\n## will return \n\n```html\n<h1>Hello Luther!</h1>\n<p>\n    Eius deleniti voluptas iure necessitatibus non minima ut.\n    Nihil aut repellendus voluptates veritatis minus.\n    At culpa distinctio.\n</p>\n<h3>Details</h3>\n<p>\n    Title: Forward Marketing Strategist <br>\n    Company: Ledner, Erdman and Jaskolski <br>\n    Phone: 749-134-2560 <br>\n    Portfolio: http://orin.com <br>\n    Avatar: https://s3.amazonaws.com/uifaces/faces/twitter/diansigitp/128.jpg <br>\n    DOB: Mon Nov 16 2015 22:49:32 GMT+0530 (India Standard Time) <br>\n    Address: 171 Nicolas Spurs <br>\n    Manager: Kathlyn\n</p>\n\n```\n\n> Random data is produced even the same tag is repeated. for more details, take a look at [faker](https://www.npmjs.com/package/faker) library. \n\n### list of all tags\n\n```html\n<faker-address-zipCode/>\n<faker-address-city/>\n<faker-address-cityPrefix/>\n<faker-address-citySuffix/>\n<faker-address-streetName/>\n<faker-address-streetAddress/>\n<faker-address-streetSuffix/>\n<faker-address-streetPrefix/>\n<faker-address-secondaryAddress/>\n<faker-address-county/>\n<faker-address-country/>\n<faker-address-countryCode/>\n<faker-address-state/>\n<faker-address-stateAbbr/>\n<faker-address-latitude/>\n<faker-address-longitude/>\n\n<faker-commerce-color/>\n<faker-commerce-department/>\n<faker-commerce-productName/>\n<faker-commerce-price/>\n<faker-commerce-productAdjective/>\n<faker-commerce-productMaterial/>\n<faker-commerce-product/>\n\n<faker-company-suffixes/>\n<faker-company-companyName/>\n<faker-company-companySuffix/>\n<faker-company-catchPhrase/>\n<faker-company-bs/>\n<faker-company-catchPhraseAdjective/>\n<faker-company-catchPhraseDescriptor/>\n<faker-company-catchPhraseNoun/>\n<faker-company-bsAdjective/>\n<faker-company-bsBuzz/>\n<faker-company-bsNoun/>\n\n<faker-date-past/>\n<faker-date-future/>\n<faker-date-between/>\n<faker-date-recent/>\n<faker-date-month/>\n<faker-date-weekday/>\n\n<faker-fake/>\n\n<faker-finance-account/>\n<faker-finance-accountName/>\n<faker-finance-mask/>\n<faker-finance-amount/>\n<faker-finance-transactionType/>\n<faker-finance-currencyCode/>\n<faker-finance-currencyName/>\n<faker-finance-currencySymbol/>\n\n<faker-hacker-abbreviation/>\n<faker-hacker-adjective/>\n<faker-hacker-noun/>\n<faker-hacker-verb/>\n<faker-hacker-ingverb/>\n<faker-hacker-phrase/>\n\n<faker-helpers-randomize/>\n<faker-helpers-slugify/>\n<faker-helpers-replaceSymbolWithNumber/>\n<faker-helpers-replaceSymbols/>\n<faker-helpers-shuffle/>\n<faker-helpers-mustache/>\n<faker-helpers-createCard/>\n<faker-helpers-contextualCard/>\n<faker-helpers-userCard/>\n<faker-helpers-createTransaction/>\n\n<faker-image-image/>\n<faker-image-avatar/>\n<faker-image-imageUrl/>\n<faker-image-abstract/>\n<faker-image-animals/>\n<faker-image-business/>\n<faker-image-cats/>\n<faker-image-city/>\n<faker-image-food/>\n<faker-image-nightlife/>\n<faker-image-fashion/>\n<faker-image-people/>\n<faker-image-nature/>\n<faker-image-sports/>\n<faker-image-technics/>\n<faker-image-transport/>\n\n<faker-internet-avatar/>\n<faker-internet-email/>\n<faker-internet-userName/>\n<faker-internet-protocol/>\n<faker-internet-url/>\n<faker-internet-domainName/>\n<faker-internet-domainSuffix/>\n<faker-internet-domainWord/>\n<faker-internet-ip/>\n<faker-internet-userAgent/>\n<faker-internet-color/>\n<faker-internet-mac/>\n<faker-internet-password/>\n\n<faker-lorem-words/>\n<faker-lorem-sentence/>\n<faker-lorem-sentences/>\n<faker-lorem-paragraph/>\n<faker-lorem-paragraphs/>\n\n<faker-name-firstName/>\n<faker-name-lastName/>\n<faker-name-findName/>\n<faker-name-jobTitle/>\n<faker-name-prefix/>\n<faker-name-suffix/>\n<faker-name-title/>\n<faker-name-jobDescriptor/>\n<faker-name-jobArea/>\n<faker-name-jobType/>\n\n<faker-phone-phoneNumber/>\n<faker-phone-phoneNumberFormat/>\n<faker-phone-phoneFormats/>\n\n<faker-random-number/>\n<faker-random-arrayElement/>\n<faker-random-objectElement/>\n<faker-random-uuid/>\n<faker-random-boolean/>\n\n```\n\n## License\n\nMIT © [lokesh-coder](https://github.com/lokesh-coder)\n',
17 silly publish   readmeFilename: 'readme.md',
17 silly publish   gitHead: 'a0e13c0884fae6ed37a5f6d1fe6f0fd74df04347',
17 silly publish   _id: 'gulp-faker@1.0.0',
17 silly publish   _shasum: '47a7207e019621da6ddb45bdab84ba2a6be21f2b',
17 silly publish   _from: '.' }
18 verbose getPublishConfig undefined
19 silly mapToRegistry name gulp-faker
20 silly mapToRegistry using default registry
21 silly mapToRegistry registry https://registry.npmjs.org/
22 silly mapToRegistry uri https://registry.npmjs.org/gulp-faker
23 verbose publish registryBase https://registry.npmjs.org/
24 silly publish uploading C:\Users\l.rajendran\AppData\Roaming\npm-cache\gulp-faker\1.0.0\package.tgz
25 verbose request uri https://registry.npmjs.org/gulp-faker
26 verbose request sending authorization for write operation
27 info attempt registry request try #1 at 5:04:09 PM
28 verbose request using bearer token for auth
29 verbose request id 0a1a0a6b71ef6548
30 http request PUT https://registry.npmjs.org/gulp-faker
31 http 403 https://registry.npmjs.org/gulp-faker
32 verbose headers { 'content-type': 'application/json',
32 verbose headers   'cache-control': 'max-age=300',
32 verbose headers   'content-length': '95',
32 verbose headers   'accept-ranges': 'bytes',
32 verbose headers   date: 'Thu, 25 Feb 2016 11:34:22 GMT',
32 verbose headers   via: '1.1 varnish',
32 verbose headers   connection: 'keep-alive',
32 verbose headers   'x-served-by': 'cache-sin6923-SIN',
32 verbose headers   'x-cache': 'MISS',
32 verbose headers   'x-cache-hits': '0',
32 verbose headers   'x-timer': 'S1456400061.695126,VS0,VE1002' }
33 verbose request invalidating C:\Users\l.rajendran\AppData\Roaming\npm-cache\registry.npmjs.org\gulp-faker on PUT
34 error publish Failed PUT 403
35 verbose stack Error: "You cannot publish over the previously published version 1.0.0." : gulp-faker
35 verbose stack     at makeError (C:\Program Files\nodejs\node_modules\npm\node_modules\npm-registry-client\lib\request.js:264:12)
35 verbose stack     at CachingRegistryClient.<anonymous> (C:\Program Files\nodejs\node_modules\npm\node_modules\npm-registry-client\lib\request.js:252:14)
35 verbose stack     at Request._callback (C:\Program Files\nodejs\node_modules\npm\node_modules\npm-registry-client\lib\request.js:172:14)
35 verbose stack     at Request.self.callback (C:\Program Files\nodejs\node_modules\npm\node_modules\request\request.js:198:22)
35 verbose stack     at emitTwo (events.js:87:13)
35 verbose stack     at Request.emit (events.js:172:7)
35 verbose stack     at Request.<anonymous> (C:\Program Files\nodejs\node_modules\npm\node_modules\request\request.js:1063:14)
35 verbose stack     at emitOne (events.js:82:20)
35 verbose stack     at Request.emit (events.js:169:7)
35 verbose stack     at IncomingMessage.<anonymous> (C:\Program Files\nodejs\node_modules\npm\node_modules\request\request.js:1009:12)
36 verbose statusCode 403
37 verbose pkgid gulp-faker
38 verbose cwd C:\Dev\gulp-faker
39 error Windows_NT 6.3.9600
40 error argv "C:\\Program Files\\nodejs\\node.exe" "C:\\Program Files\\nodejs\\node_modules\\npm\\bin\\npm-cli.js" "publish"
41 error node v4.2.2
42 error npm  v2.14.7
43 error code E403
44 error "You cannot publish over the previously published version 1.0.0." : gulp-faker
45 error If you need help, you may report this error at:
45 error     <https://github.com/npm/npm/issues>
46 verbose exit [ 1, true ]
